<?xml version="1.0" encoding="UTF-8"?>
<testsuite name="WebCalculatorApplicationTest" tests="1" skipped="0" failures="0" errors="0" timestamp="2020-10-10T11:33:30" hostname="LENOVOY530" time="3.431">
  <properties/>
  <testcase name="start" classname="WebCalculatorApplicationTest" time="3.431"/>
  <system-out><![CDATA[?[1;31m
Start test 1?[0m

  .   ____          _            __ _ _
 /\\ / ___'_ __ _ _(_)_ __  __ _ \ \ \ \
( ( )\___ | '_ | '_| | '_ \/ _` | \ \ \ \
 \\/  ___)| |_)| | | | | || (_| |  ) ) ) )
  '  |____| .__|_| |_|_| |_\__, | / / / /
 =========|_|==============|___/=/_/_/_/
 :: Spring Boot ::        (v2.3.1.RELEASE)

2020-10-10 14:33:31.085  INFO 4140 --- [    Test worker] calculator.WebCalculatorApplication      : Starting WebCalculatorApplication on LenovoY530 with PID 4140 (started by Nik in C:\Documents\lrn\java\JetBrains Academy\Web Quiz Engine\Problems\calculator)
2020-10-10 14:33:31.088  INFO 4140 --- [    Test worker] calculator.WebCalculatorApplication      : No active profile set, falling back to default profiles: default
2020-10-10 14:33:32.504  INFO 4140 --- [    Test worker] o.s.b.w.embedded.tomcat.TomcatWebServer  : Tomcat initialized with port(s): 8889 (http)
2020-10-10 14:33:32.516  INFO 4140 --- [    Test worker] o.apache.catalina.core.StandardService   : Starting service [Tomcat]
2020-10-10 14:33:32.516  INFO 4140 --- [    Test worker] org.apache.catalina.core.StandardEngine  : Starting Servlet engine: [Apache Tomcat/9.0.36]
2020-10-10 14:33:32.640  INFO 4140 --- [    Test worker] o.a.c.c.C.[Tomcat].[localhost].[/]       : Initializing Spring embedded WebApplicationContext
2020-10-10 14:33:32.640  INFO 4140 --- [    Test worker] w.s.c.ServletWebServerApplicationContext : Root WebApplicationContext: initialization completed in 1504 ms
2020-10-10 14:33:32.935  INFO 4140 --- [    Test worker] o.s.s.concurrent.ThreadPoolTaskExecutor  : Initializing ExecutorService 'applicationTaskExecutor'
2020-10-10 14:33:33.290  INFO 4140 --- [    Test worker] o.s.b.a.e.web.EndpointLinksResolver      : Exposing 14 endpoint(s) beneath base path '/actuator'
2020-10-10 14:33:33.359  INFO 4140 --- [    Test worker] o.s.b.w.embedded.tomcat.TomcatWebServer  : Tomcat started on port(s): 8889 (http) with context path ''
2020-10-10 14:33:33.378  INFO 4140 --- [    Test worker] calculator.WebCalculatorApplication      : Started WebCalculatorApplication in 2.69 seconds (JVM running for 3.589)
2020-10-10 14:33:33.745  INFO 4140 --- [nio-8889-exec-1] o.a.c.c.C.[Tomcat].[localhost].[/]       : Initializing Spring DispatcherServlet 'dispatcherServlet'
2020-10-10 14:33:33.746  INFO 4140 --- [nio-8889-exec-1] o.s.web.servlet.DispatcherServlet        : Initializing Servlet 'dispatcherServlet'
2020-10-10 14:33:33.755  INFO 4140 --- [nio-8889-exec-1] o.s.web.servlet.DispatcherServlet        : Completed initialization in 9 ms
?[1;31m
Start test 2?[0m
?[1;31m
Start test 3?[0m
?[1;31m
Start test 4?[0m
]]></system-out>
  <system-err><![CDATA[]]></system-err>
</testsuite>
